info [2025-05-25T18:41:44.456Z] [MQTT] Connecting to localhost:1883
info [2025-05-25T18:41:44.458Z] [MQTT] Authentication: Anonymous
info [2025-05-25T18:41:44.458Z] [MQTT] Client ID: octo_mqtt_641bc545
info [2025-05-25T18:41:44.458Z] [MQTT] No authentication credentials provided, connecting anonymously
info [2025-05-25T18:41:44.949Z] [MQTT] Connecting...
info [2025-05-25T18:41:44.949Z] [MQTT] Connecting to localhost:1883 with no authentication
info [2025-05-25T18:41:44.994Z] [MQTT] Connected successfully
info [2025-05-25T18:41:44.994Z] [ESPHome] Connecting...
info [2025-05-25T18:41:44.994Z] [Options] Attempting to read /data/options.json
info [2025-05-25T18:41:44.995Z] [Options] Production path failed, trying local path: /Users/bram.boersma/Documents/GitHub/octo-mqtt/octo-mqtt/data/options.json
info [2025-05-25T18:41:44.995Z] [Options] Successfully loaded options from /Users/bram.boersma/Documents/GitHub/octo-mqtt/octo-mqtt/data/options.json
info [2025-05-25T18:41:44.995Z] [ESPHome] Found 1 BLE proxy configuration(s):
info [2025-05-25T18:41:44.995Z] [ESPHome] Proxy #1: host=YOUR_ESP32_IP_ADDRESS, port=6052, password=not set
info [2025-05-25T18:41:44.995Z] [ESPHome] Creating connection to YOUR_ESP32_IP_ADDRESS:6052
info [2025-05-25T18:41:44.996Z] [ESPHome] Attempting to connect to YOUR_ESP32_IP_ADDRESS:6052
info [2025-05-25T18:41:44.996Z] [ESPHome] Initiating connection to YOUR_ESP32_IP_ADDRESS:6052
error [2025-05-25T18:41:45.001Z] [ESPHome] Failed Connecting: Error: getaddrinfo ENOTFOUND YOUR_ESP32_IP_ADDRESS
    at GetAddrInfoReqWrap.onlookupall [as oncomplete] (node:dns:118:26) {
  errno: -3008,
  code: 'ENOTFOUND',
  syscall: 'getaddrinfo',
  hostname: 'YOUR_ESP32_IP_ADDRESS'
}
error [2025-05-25T18:41:45.002Z] [ESPHome] Connection details: host=YOUR_ESP32_IP_ADDRESS, port=6052, password=not set
error [2025-05-25T18:41:45.002Z] [ESPHome] Error code: ENOTFOUND
warn [2025-05-25T18:41:45.003Z] [ESPHome] Failed to connect to proxy at YOUR_ESP32_IP_ADDRESS:6052
warn [2025-05-25T18:41:45.003Z] [ESPHome] Could not connect to any BLE proxies. BLE functionality will be limited.
info [2025-05-25T18:41:45.003Z] [Options] Attempting to read /data/options.json
info [2025-05-25T18:41:45.003Z] [Options] Production path failed, trying local path: /Users/bram.boersma/Documents/GitHub/octo-mqtt/octo-mqtt/data/options.json
info [2025-05-25T18:41:45.003Z] [Options] Successfully loaded options from /Users/bram.boersma/Documents/GitHub/octo-mqtt/octo-mqtt/data/options.json
info [2025-05-25T18:41:45.003Z] [Octo] No devices configured
info [2025-05-25T18:41:45.004Z] Serving static files from /Users/bram.boersma/Documents/GitHub/octo-mqtt/octo-mqtt/webui
info [2025-05-25T18:41:45.006Z] 🚀 RC2 Bed Control Panel started on port 8099
info [2025-05-25T18:41:45.006Z] 📱 Web interface available at: http://localhost:8099
info [2025-05-25T18:41:45.006Z] 🔧 BLE Scanner: Initialized
info [2025-05-25T18:41:45.006Z] 📋 Available API endpoints:
info [2025-05-25T18:41:45.006Z]    POST /scan/start - Start BLE device scan
info [2025-05-25T18:41:45.006Z]    GET  /scan/status - Get scan status
info [2025-05-25T18:41:45.006Z]    POST /scan/stop - Stop BLE device scan
info [2025-05-25T18:41:45.006Z]    POST /device/add - Add discovered device
info [2025-05-25T18:41:45.006Z]    GET  /devices/configured - Get configured devices
info [2025-05-25T18:41:45.006Z]    DELETE /device/:address - Remove device
info [2025-05-25T18:41:45.006Z]    GET  /debug/devices - Debug device state
info [2025-05-25T18:41:45.006Z]    GET  /health - Health check
error [2025-05-25T18:42:15.026Z] Error: getaddrinfo ENOTFOUND YOUR_ESP32_IP_ADDRESS
error [2025-05-25T18:42:15.027Z] Exit code: 2
warn [2025-05-25T18:42:15.027Z] Shutting down Octo-MQTT...
